<?xml version="1.0" encoding="UTF-8"?>
<testng-results ignored="0" total="1" passed="1" failed="0" skipped="0">
  <reporter-output>
  </reporter-output>
  <suite started-at="2023-12-15T13:01:42 IST" name="Default suite" finished-at="2023-12-15T13:01:42 IST" duration-ms="50">
    <groups>
    </groups>
    <test started-at="2023-12-15T13:01:42 IST" name="Default test" finished-at="2023-12-15T13:01:42 IST" duration-ms="50">
      <class name="demo.Demonstration">
        <test-method signature="hello()[pri:0, instance:demo.Demonstration@292b08d6]" started-at="2023-12-15T13:01:42 IST" name="hello" finished-at="2023-12-15T13:01:42 IST" duration-ms="10" status="PASS">
          <reporter-output>
          </reporter-output>
        </test-method> <!-- hello -->
      </class> <!-- demo.Demonstration -->
    </test> <!-- Default test -->
  </suite> <!-- Default suite -->
</testng-results>
