<?xml version="1.0" encoding="UTF-8"?>
<testng-results ignored="0" total="1" passed="1" failed="0" skipped="0">
  <reporter-output>
  </reporter-output>
  <suite started-at="2024-06-23T21:04:57 IST" name="Default suite" finished-at="2024-06-23T21:04:57 IST" duration-ms="69">
    <groups>
    </groups>
    <test started-at="2024-06-23T21:04:57 IST" name="Default test" finished-at="2024-06-23T21:04:57 IST" duration-ms="69">
      <class name="demo.Demonstration">
        <test-method signature="hello()[pri:0, instance:demo.Demonstration@43bc63a3]" started-at="2024-06-23T21:04:57 IST" name="hello" finished-at="2024-06-23T21:04:57 IST" duration-ms="9" status="PASS">
          <reporter-output>
          </reporter-output>
        </test-method> <!-- hello -->
      </class> <!-- demo.Demonstration -->
    </test> <!-- Default test -->
  </suite> <!-- Default suite -->
</testng-results>
